<?xml version="1.0" encoding="UTF-8"?>
<testng-results skipped="0" failed="1" ignored="2" total="4" passed="1">
  <reporter-output>
  </reporter-output>
  <suite name="Suite" duration-ms="11847" started-at="2022-11-29T08:48:56 IST" finished-at="2022-11-29T08:49:08 IST">
    <groups>
    </groups>
    <test name="Test1" duration-ms="7733" started-at="2022-11-29T08:48:56 IST" finished-at="2022-11-29T08:49:04 IST">
      <class name="package15.Video_27_ExtentReportIntegrationWithInTestNg">
        <test-method status="PASS" signature="beforeTest(org.testng.ITestContext,java.lang.String)[pri:0, instance:package15.Video_27_ExtentReportIntegrationWithInTestNg@5204062d]" name="beforeTest" is-config="true" duration-ms="3389" started-at="2022-11-29T08:48:56 IST" finished-at="2022-11-29T08:48:59 IST">
          <params>
            <param index="0">
              <value>
                <![CDATA[org.testng.TestRunner@2cc04358]]>
              </value>
            </param>
            <param index="1">
              <value>
                <![CDATA[Chrome]]>
              </value>
            </param>
          </params>
          <reporter-output>
          </reporter-output>
        </test-method> <!-- beforeTest -->
        <test-method status="PASS" signature="f1()[pri:0, instance:package15.Video_27_ExtentReportIntegrationWithInTestNg@5204062d]" name="f1" duration-ms="3415" started-at="2022-11-29T08:48:59 IST" finished-at="2022-11-29T08:49:03 IST">
          <reporter-output>
          </reporter-output>
        </test-method> <!-- f1 -->
        <test-method status="PASS" signature="afterMethod(org.testng.ITestResult)[pri:0, instance:package15.Video_27_ExtentReportIntegrationWithInTestNg@5204062d]" name="afterMethod" is-config="true" duration-ms="261" started-at="2022-11-29T08:49:03 IST" finished-at="2022-11-29T08:49:03 IST">
          <params>
            <param index="0">
              <value>
                <![CDATA[[TestResult name=f1 status=SUCCESS method=Video_27_ExtentReportIntegrationWithInTestNg.f1()[pri:0, instance:package15.Video_27_ExtentReportIntegrationWithInTestNg@5204062d] output={null}]]]>
              </value>
            </param>
          </params>
          <reporter-output>
          </reporter-output>
        </test-method> <!-- afterMethod -->
        <test-method status="PASS" signature="afterTest()[pri:0, instance:package15.Video_27_ExtentReportIntegrationWithInTestNg@5204062d]" name="afterTest" is-config="true" duration-ms="625" started-at="2022-11-29T08:49:03 IST" finished-at="2022-11-29T08:49:04 IST">
          <reporter-output>
          </reporter-output>
        </test-method> <!-- afterTest -->
      </class> <!-- package15.Video_27_ExtentReportIntegrationWithInTestNg -->
    </test> <!-- Test1 -->
    <test name="Test2" duration-ms="4091" started-at="2022-11-29T08:49:04 IST" finished-at="2022-11-29T08:49:08 IST">
      <class name="package15.Video_27_ExtentReportIntegrationWithInTestNg">
        <test-method status="PASS" signature="beforeSuite()[pri:0, instance:package15.Video_27_ExtentReportIntegrationWithInTestNg@43d7741f]" name="beforeSuite" is-config="true" duration-ms="238" started-at="2022-11-29T08:48:56 IST" finished-at="2022-11-29T08:48:56 IST">
          <reporter-output>
          </reporter-output>
        </test-method> <!-- beforeSuite -->
        <test-method status="PASS" signature="beforeTest(org.testng.ITestContext,java.lang.String)[pri:0, instance:package15.Video_27_ExtentReportIntegrationWithInTestNg@43d7741f]" name="beforeTest" is-config="true" duration-ms="1235" started-at="2022-11-29T08:49:04 IST" finished-at="2022-11-29T08:49:05 IST">
          <params>
            <param index="0">
              <value>
                <![CDATA[org.testng.TestRunner@68b58644]]>
              </value>
            </param>
            <param index="1">
              <value>
                <![CDATA[Edge]]>
              </value>
            </param>
          </params>
          <reporter-output>
          </reporter-output>
        </test-method> <!-- beforeTest -->
        <test-method status="FAIL" signature="f2()[pri:0, instance:package15.Video_27_ExtentReportIntegrationWithInTestNg@43d7741f]" name="f2" duration-ms="1834" started-at="2022-11-29T08:49:05 IST" finished-at="2022-11-29T08:49:07 IST">
          <exception class="java.lang.AssertionError">
            <message>
              <![CDATA[expected [true] but found [false]]]>
            </message>
            <full-stacktrace>
              <![CDATA[java.lang.AssertionError: expected [true] but found [false]
at org.testng.Assert.fail(Assert.java:99)
at org.testng.Assert.failNotEquals(Assert.java:1037)
at org.testng.Assert.assertTrue(Assert.java:45)
at org.testng.Assert.assertTrue(Assert.java:55)
at package15.Video_27_ExtentReportIntegrationWithInTestNg.f2(Video_27_ExtentReportIntegrationWithInTestNg.java:20)
at sun.reflect.NativeMethodAccessorImpl.invoke0(Native Method)
at sun.reflect.NativeMethodAccessorImpl.invoke(NativeMethodAccessorImpl.java:62)
at sun.reflect.DelegatingMethodAccessorImpl.invoke(DelegatingMethodAccessorImpl.java:43)
at java.lang.reflect.Method.invoke(Method.java:498)
at org.testng.internal.MethodInvocationHelper.invokeMethod(MethodInvocationHelper.java:133)
at org.testng.internal.TestInvoker.invokeMethod(TestInvoker.java:598)
at org.testng.internal.TestInvoker.invokeTestMethod(TestInvoker.java:173)
at org.testng.internal.MethodRunner.runInSequence(MethodRunner.java:46)
at org.testng.internal.TestInvoker$MethodInvocationAgent.invoke(TestInvoker.java:824)
at org.testng.internal.TestInvoker.invokeTestMethods(TestInvoker.java:146)
at org.testng.internal.TestMethodWorker.invokeTestMethods(TestMethodWorker.java:146)
at org.testng.internal.TestMethodWorker.run(TestMethodWorker.java:128)
at java.util.ArrayList.forEach(ArrayList.java:1259)
at org.testng.TestRunner.privateRun(TestRunner.java:794)
at org.testng.TestRunner.run(TestRunner.java:596)
at org.testng.SuiteRunner.runTest(SuiteRunner.java:377)
at org.testng.SuiteRunner.runSequentially(SuiteRunner.java:371)
at org.testng.SuiteRunner.privateRun(SuiteRunner.java:332)
at org.testng.SuiteRunner.run(SuiteRunner.java:276)
at org.testng.SuiteRunnerWorker.runSuite(SuiteRunnerWorker.java:53)
at org.testng.SuiteRunnerWorker.run(SuiteRunnerWorker.java:96)
at org.testng.TestNG.runSuitesSequentially(TestNG.java:1212)
at org.testng.TestNG.runSuitesLocally(TestNG.java:1134)
at org.testng.TestNG.runSuites(TestNG.java:1063)
at org.testng.TestNG.run(TestNG.java:1031)
at org.testng.remote.AbstractRemoteTestNG.run(AbstractRemoteTestNG.java:115)
at org.testng.remote.RemoteTestNG.initAndRun(RemoteTestNG.java:251)
at org.testng.remote.RemoteTestNG.main(RemoteTestNG.java:77)
]]>
            </full-stacktrace>
          </exception> <!-- java.lang.AssertionError -->
          <reporter-output>
          </reporter-output>
        </test-method> <!-- f2 -->
        <test-method status="PASS" signature="afterMethod(org.testng.ITestResult)[pri:0, instance:package15.Video_27_ExtentReportIntegrationWithInTestNg@43d7741f]" name="afterMethod" is-config="true" duration-ms="333" started-at="2022-11-29T08:49:07 IST" finished-at="2022-11-29T08:49:07 IST">
          <params>
            <param index="0">
              <value>
                <![CDATA[[TestResult name=f2 status=FAILURE method=Video_27_ExtentReportIntegrationWithInTestNg.f2()[pri:0, instance:package15.Video_27_ExtentReportIntegrationWithInTestNg@43d7741f] output={null}]]]>
              </value>
            </param>
          </params>
          <reporter-output>
          </reporter-output>
        </test-method> <!-- afterMethod -->
        <test-method status="PASS" signature="afterTest()[pri:0, instance:package15.Video_27_ExtentReportIntegrationWithInTestNg@43d7741f]" name="afterTest" is-config="true" duration-ms="685" started-at="2022-11-29T08:49:07 IST" finished-at="2022-11-29T08:49:08 IST">
          <reporter-output>
          </reporter-output>
        </test-method> <!-- afterTest -->
        <test-method status="PASS" signature="afterSuite()[pri:0, instance:package15.Video_27_ExtentReportIntegrationWithInTestNg@43d7741f]" name="afterSuite" is-config="true" duration-ms="361" started-at="2022-11-29T08:49:08 IST" finished-at="2022-11-29T08:49:08 IST">
          <reporter-output>
          </reporter-output>
        </test-method> <!-- afterSuite -->
      </class> <!-- package15.Video_27_ExtentReportIntegrationWithInTestNg -->
    </test> <!-- Test2 -->
  </suite> <!-- Suite -->
</testng-results>
